0 info it worked if it ends with ok
1 verbose cli [ '/home/serjopepper/.nvm/versions/node/v0.12.3/bin/node',
1 verbose cli   '/home/serjopepper/.nvm/versions/node/v0.12.3/bin/npm',
1 verbose cli   'publish' ]
2 info using npm@2.9.1
3 info using node@v0.12.3
4 verbose publish [ '.' ]
5 silly cache add args [ '.', null ]
6 verbose cache add spec .
7 silly cache add parsed spec { raw: '.',
7 silly cache add   scope: null,
7 silly cache add   name: null,
7 silly cache add   rawSpec: '.',
7 silly cache add   spec: '/home/serjopepper/www/rplock',
7 silly cache add   type: 'directory' }
8 verbose addLocalDirectory /home/serjopepper/.npm/rplock/1.0.1/package.tgz not in flight; packing
9 verbose tar pack [ '/home/serjopepper/.npm/rplock/1.0.1/package.tgz',
9 verbose tar pack   '/home/serjopepper/www/rplock' ]
10 verbose tarball /home/serjopepper/.npm/rplock/1.0.1/package.tgz
11 verbose folder /home/serjopepper/www/rplock
12 info prepublish rplock@1.0.1
13 verbose unsafe-perm in lifecycle true
14 verbose addLocalTarball adding from inside cache /home/serjopepper/.npm/rplock/1.0.1/package.tgz
15 silly cache afterAdd rplock@1.0.1
16 verbose afterAdd /home/serjopepper/.npm/rplock/1.0.1/package/package.json not in flight; writing
17 verbose afterAdd /home/serjopepper/.npm/rplock/1.0.1/package/package.json written
18 silly publish { name: 'rplock',
18 silly publish   version: '1.0.1',
18 silly publish   description: 'Promisified redis lock',
18 silly publish   main: 'lib/rplock.js',
18 silly publish   scripts:
18 silly publish    { test: 'echo "Error: no test specified" && exit 1',
18 silly publish      prepublish: 'grunt prepublish' },
18 silly publish   repository:
18 silly publish    { type: 'git',
18 silly publish      url: 'git+https://github.com/SerjoPepper/rplock.git' },
18 silly publish   keywords: [ 'redis', 'lock', 'promise' ],
18 silly publish   author: { name: 'Serjo Pepper' },
18 silly publish   license: 'ISC',
18 silly publish   bugs: { url: 'https://github.com/SerjoPepper/rplock/issues' },
18 silly publish   homepage: 'https://github.com/SerjoPepper/rplock#readme',
18 silly publish   dependencies:
18 silly publish    { bluebird: '^2.9.34',
18 silly publish      lodash: '^3.10.1',
18 silly publish      ms: '^0.7.1',
18 silly publish      redis: '^0.12.1' },
18 silly publish   devDependencies:
18 silly publish    { coffeelint: '^1.10.1',
18 silly publish      grunt: '^0.4.5',
18 silly publish      'grunt-coffeelint': '0.0.13',
18 silly publish      'grunt-contrib-coffee': '^0.13.0' },
18 silly publish   gitHead: '64b8f349d9cad7c8c849ada7413bc169a58e3b25',
18 silly publish   readme: 'ERROR: No README data found!',
18 silly publish   _id: 'rplock@1.0.1',
18 silly publish   _shasum: '8e87c1a93e05e6898f69c07d5887d0789dd5b119',
18 silly publish   _from: '.' }
19 verbose getPublishConfig undefined
20 silly mapToRegistry name rplock
21 silly mapToRegistry using default registry
22 silly mapToRegistry registry https://registry.npmjs.org/
23 silly mapToRegistry uri https://registry.npmjs.org/rplock
24 verbose publish registryBase https://registry.npmjs.org/
25 silly publish uploading /home/serjopepper/.npm/rplock/1.0.1/package.tgz
26 verbose request uri https://registry.npmjs.org/rplock
27 verbose request sending authorization for write operation
28 info attempt registry request try #1 at 11:25:16 PM
29 verbose request using bearer token for auth
30 verbose request id 00717fbbb6f0e2a2
31 http request PUT https://registry.npmjs.org/rplock
32 http 403 https://registry.npmjs.org/rplock
33 verbose headers { 'content-type': 'application/json',
33 verbose headers   'cache-control': 'max-age=60',
33 verbose headers   'content-length': '95',
33 verbose headers   'accept-ranges': 'bytes',
33 verbose headers   date: 'Sun, 09 Aug 2015 20:25:33 GMT',
33 verbose headers   via: '1.1 varnish',
33 verbose headers   connection: 'keep-alive',
33 verbose headers   'x-served-by': 'cache-ams4128-AMS',
33 verbose headers   'x-cache': 'MISS',
33 verbose headers   'x-cache-hits': '0',
33 verbose headers   'x-timer': 'S1439151932.299271,VS0,VE979' }
34 verbose request invalidating /home/serjopepper/.npm/registry.npmjs.org/rplock on PUT
35 error publish Failed PUT 403
36 verbose stack Error: "You cannot publish over the previously published version 1.0.1." : rplock
36 verbose stack     at CachingRegistryClient.<anonymous> (/home/serjopepper/.nvm/versions/node/v0.12.3/lib/node_modules/npm/node_modules/npm-registry-client/lib/request.js:247:14)
36 verbose stack     at Request._callback (/home/serjopepper/.nvm/versions/node/v0.12.3/lib/node_modules/npm/node_modules/npm-registry-client/lib/request.js:170:14)
36 verbose stack     at Request.self.callback (/home/serjopepper/.nvm/versions/node/v0.12.3/lib/node_modules/npm/node_modules/request/request.js:368:22)
36 verbose stack     at Request.emit (events.js:110:17)
36 verbose stack     at Request.<anonymous> (/home/serjopepper/.nvm/versions/node/v0.12.3/lib/node_modules/npm/node_modules/request/request.js:1219:14)
36 verbose stack     at Request.emit (events.js:129:20)
36 verbose stack     at IncomingMessage.<anonymous> (/home/serjopepper/.nvm/versions/node/v0.12.3/lib/node_modules/npm/node_modules/request/request.js:1167:12)
36 verbose stack     at IncomingMessage.emit (events.js:129:20)
36 verbose stack     at _stream_readable.js:908:16
36 verbose stack     at process._tickCallback (node.js:355:11)
37 verbose statusCode 403
38 verbose pkgid rplock
39 verbose cwd /home/serjopepper/www/rplock
40 error Linux 3.16.0-31-generic
41 error argv "/home/serjopepper/.nvm/versions/node/v0.12.3/bin/node" "/home/serjopepper/.nvm/versions/node/v0.12.3/bin/npm" "publish"
42 error node v0.12.3
43 error npm  v2.9.1
44 error code E403
45 error "You cannot publish over the previously published version 1.0.1." : rplock
46 error If you need help, you may report this error at:
46 error     <https://github.com/npm/npm/issues>
47 verbose exit [ 1, true ]
